Sun Sep  9 04:31:22 2018  [ALWAYS]: peoplesoftservices script started.
Sun Sep  9 04:31:22 2018  [INFO]: Stopping Appserver
Sun Sep  9 04:31:39 2018  [INFO]: Stopping Webserver
Sun Sep  9 04:31:56 2018  [INFO]: Stopping Process Scheduler
Sun Sep  9 04:32:06 2018  [INFO]: Starting Appserver
Sun Sep  9 04:32:30 2018  [INFO]: Starting Webserver
Sun Sep  9 04:33:04 2018  [INFO]: Starting ProcessScheduler
Sun Sep  9 04:33:42 2018  [INFO]: Checking Status - Appserver
Sun Sep  9 04:33:42 2018  [INFO]: Checking Status - Webserver
Sun Sep  9 04:33:42 2018  [INFO]: Checking Status - ProcessScheduler
Sun Sep  9 04:33:42 2018  [ALWAYS]: peoplesoftservices script completed.
Sun Sep  9 10:28:19 2018  [ALWAYS]: peoplesoftservices script started.
Sun Sep  9 10:28:19 2018  [INFO]: Stopping Appserver
Sun Sep  9 10:28:34 2018  [INFO]: Stopping Webserver
Sun Sep  9 10:28:50 2018  [INFO]: Stopping Process Scheduler
Sun Sep  9 10:29:02 2018  [INFO]: Starting Appserver
Sun Sep  9 10:29:26 2018  [INFO]: Starting Webserver
Sun Sep  9 10:29:59 2018  [INFO]: Starting ProcessScheduler
Sun Sep  9 10:30:37 2018  [INFO]: Checking Status - Appserver
Sun Sep  9 10:30:37 2018  [INFO]: Checking Status - Webserver
Sun Sep  9 10:30:38 2018  [INFO]: Checking Status - ProcessScheduler
Sun Sep  9 10:30:38 2018  [ALWAYS]: peoplesoftservices script completed.
Sun Sep  9 12:02:11 2018  [ALWAYS]: peoplesoftservices script started.
Sun Sep  9 12:02:11 2018  [INFO]: Stopping Appserver
Sun Sep  9 12:02:29 2018  [INFO]: Stopping Webserver
Sun Sep  9 12:02:45 2018  [INFO]: Stopping Process Scheduler
Sun Sep  9 12:02:54 2018  [INFO]: Starting Appserver
Sun Sep  9 12:03:18 2018  [INFO]: Starting Webserver
Sun Sep  9 12:03:53 2018  [INFO]: Starting ProcessScheduler
Sun Sep  9 12:04:31 2018  [INFO]: Checking Status - Appserver
Sun Sep  9 12:04:31 2018  [INFO]: Checking Status - Webserver
Sun Sep  9 12:04:31 2018  [INFO]: Checking Status - ProcessScheduler
Sun Sep  9 12:04:31 2018  [ALWAYS]: peoplesoftservices script completed.
Mon Sep 10 13:00:42 2018  [ALWAYS]: peoplesoftservices script started.
Mon Sep 10 13:00:42 2018  [INFO]: Stopping Appserver
Mon Sep 10 13:00:42 2018  [INFO]: Stopping Webserver
Mon Sep 10 13:00:42 2018  [INFO]: Stopping Process Scheduler
Mon Sep 10 13:00:42 2018  [INFO]: Starting Appserver
Mon Sep 10 13:00:42 2018  [INFO]: Starting Webserver
Mon Sep 10 13:00:42 2018  [INFO]: Starting ProcessScheduler
Mon Sep 10 13:00:42 2018  [INFO]: Checking Status - Appserver
Mon Sep 10 13:00:42 2018  [INFO]: Checking Status - Webserver
Mon Sep 10 13:00:42 2018  [INFO]: Checking Status - ProcessScheduler
Mon Sep 10 13:00:42 2018  [ALWAYS]: peoplesoftservices script completed.
Mon Sep 10 13:00:42 2018  [ALWAYS]: peoplesoftservices script completed.
Mon Sep 10 13:00:42 2018  [INFO]: Checking Status - ProcessScheduler
Mon Sep 10 13:00:42 2018  [ALWAYS]: peoplesoftservices script completed.
Mon Sep 10 13:00:42 2018  [ALWAYS]: peoplesoftservices script completed.
Mon Sep 10 13:00:42 2018  [INFO]: Checking Status - Webserver
Mon Sep 10 13:00:42 2018  [INFO]: Checking Status - ProcessScheduler
Mon Sep 10 13:00:42 2018  [ALWAYS]: peoplesoftservices script completed.
Mon Sep 10 13:00:42 2018  [ALWAYS]: peoplesoftservices script completed.
Mon Sep 10 13:00:42 2018  [INFO]: Checking Status - ProcessScheduler
Mon Sep 10 13:00:42 2018  [ALWAYS]: peoplesoftservices script completed.
Mon Sep 10 13:00:42 2018  [ALWAYS]: peoplesoftservices script completed.
Mon Sep 10 13:00:42 2018  [INFO]: Checking Status - Appserver
Mon Sep 10 13:00:42 2018  [INFO]: Checking Status - Webserver
Mon Sep 10 13:00:42 2018  [INFO]: Checking Status - ProcessScheduler
Mon Sep 10 13:00:42 2018  [ALWAYS]: peoplesoftservices script completed.
Mon Sep 10 13:00:42 2018  [ALWAYS]: peoplesoftservices script completed.
Mon Sep 10 13:00:42 2018  [INFO]: Checking Status - ProcessScheduler
Mon Sep 10 13:00:42 2018  [ALWAYS]: peoplesoftservices script completed.
Mon Sep 10 13:00:42 2018  [ALWAYS]: peoplesoftservices script completed.
Mon Sep 10 13:00:42 2018  [INFO]: Checking Status - Webserver
Mon Sep 10 13:00:42 2018  [INFO]: Checking Status - ProcessScheduler
Mon Sep 10 13:00:42 2018  [ALWAYS]: peoplesoftservices script completed.
Mon Sep 10 13:00:42 2018  [ALWAYS]: peoplesoftservices script completed.
Mon Sep 10 13:00:42 2018  [INFO]: Checking Status - ProcessScheduler
Mon Sep 10 13:00:42 2018  [ALWAYS]: peoplesoftservices script completed.
Mon Sep 10 13:00:42 2018  [ALWAYS]: peoplesoftservices script completed.
Mon Sep 10 13:00:42 2018  [INFO]: Starting ProcessScheduler
Mon Sep 10 13:00:42 2018  [INFO]: Checking Status - Appserver
Mon Sep 10 13:00:42 2018  [INFO]: Checking Status - Webserver
Mon Sep 10 13:00:42 2018  [INFO]: Checking Status - ProcessScheduler
Mon Sep 10 13:00:42 2018  [ALWAYS]: peoplesoftservices script completed.
Mon Sep 10 13:00:42 2018  [ALWAYS]: peoplesoftservices script completed.
Mon Sep 10 13:00:42 2018  [INFO]: Checking Status - ProcessScheduler
Mon Sep 10 13:00:42 2018  [ALWAYS]: peoplesoftservices script completed.
Mon Sep 10 13:00:42 2018  [ALWAYS]: peoplesoftservices script completed.
Mon Sep 10 13:00:42 2018  [INFO]: Checking Status - Webserver
Mon Sep 10 13:00:42 2018  [INFO]: Checking Status - ProcessScheduler
Mon Sep 10 13:00:42 2018  [ALWAYS]: peoplesoftservices script completed.
Mon Sep 10 13:00:42 2018  [ALWAYS]: peoplesoftservices script completed.
Mon Sep 10 13:00:42 2018  [INFO]: Checking Status - ProcessScheduler
Mon Sep 10 13:00:42 2018  [ALWAYS]: peoplesoftservices script completed.
Mon Sep 10 13:00:42 2018  [ALWAYS]: peoplesoftservices script completed.
Mon Sep 10 13:00:42 2018  [INFO]: Checking Status - Appserver
Mon Sep 10 13:00:42 2018  [INFO]: Checking Status - Webserver
Mon Sep 10 13:00:42 2018  [INFO]: Checking Status - ProcessScheduler
Mon Sep 10 13:00:42 2018  [ALWAYS]: peoplesoftservices script completed.
Mon Sep 10 13:00:42 2018  [ALWAYS]: peoplesoftservices script completed.
Mon Sep 10 13:00:42 2018  [INFO]: Checking Status - ProcessScheduler
Mon Sep 10 13:00:42 2018  [ALWAYS]: peoplesoftservices script completed.
Mon Sep 10 13:00:42 2018  [ALWAYS]: peoplesoftservices script completed.
Mon Sep 10 13:00:42 2018  [INFO]: Checking Status - Webserver
Mon Sep 10 13:00:42 2018  [INFO]: Checking Status - ProcessScheduler
Mon Sep 10 13:00:42 2018  [ALWAYS]: peoplesoftservices script completed.
Mon Sep 10 13:00:42 2018  [ALWAYS]: peoplesoftservices script completed.
Mon Sep 10 13:00:42 2018  [INFO]: Checking Status - ProcessScheduler
Mon Sep 10 13:00:42 2018  [ALWAYS]: peoplesoftservices script completed.
Mon Sep 10 13:00:42 2018  [ALWAYS]: peoplesoftservices script completed.
Mon Sep 10 13:00:42 2018  [INFO]: Starting Webserver
Mon Sep 10 13:00:42 2018  [INFO]: Starting ProcessScheduler
Mon Sep 10 13:00:42 2018  [INFO]: Checking Status - Appserver
Mon Sep 10 13:00:42 2018  [INFO]: Checking Status - Webserver
Mon Sep 10 13:00:42 2018  [INFO]: Checking Status - ProcessScheduler
Mon Sep 10 13:00:42 2018  [ALWAYS]: peoplesoftservices script completed.
Mon Sep 10 13:00:42 2018  [ALWAYS]: peoplesoftservices script completed.
Mon Sep 10 13:00:42 2018  [INFO]: Checking Status - ProcessScheduler
Mon Sep 10 13:00:42 2018  [ALWAYS]: peoplesoftservices script completed.
Mon Sep 10 13:00:42 2018  [ALWAYS]: peoplesoftservices script completed.
Mon Sep 10 13:00:42 2018  [INFO]: Checking Status - Webserver
Mon Sep 10 13:00:42 2018  [INFO]: Checking Status - ProcessScheduler
Mon Sep 10 13:00:42 2018  [ALWAYS]: peoplesoftservices script completed.
Mon Sep 10 13:00:42 2018  [ALWAYS]: peoplesoftservices script completed.
Mon Sep 10 13:00:42 2018  [INFO]: Checking Status - ProcessScheduler
Mon Sep 10 13:00:42 2018  [ALWAYS]: peoplesoftservices script completed.
Mon Sep 10 13:00:42 2018  [ALWAYS]: peoplesoftservices script completed.
Mon Sep 10 13:00:42 2018  [INFO]: Checking Status - Appserver
Mon Sep 10 13:00:42 2018  [INFO]: Checking Status - Webserver
Mon Sep 10 13:00:42 2018  [INFO]: Checking Status - ProcessScheduler
Mon Sep 10 13:00:42 2018  [ALWAYS]: peoplesoftservices script completed.
Mon Sep 10 13:00:42 2018  [ALWAYS]: peoplesoftservices script completed.
Mon Sep 10 13:00:42 2018  [INFO]: Checking Status - ProcessScheduler
Mon Sep 10 13:00:42 2018  [ALWAYS]: peoplesoftservices script completed.
Mon Sep 10 13:00:42 2018  [ALWAYS]: peoplesoftservices script completed.
Mon Sep 10 13:00:42 2018  [INFO]: Checking Status - Webserver
Mon Sep 10 13:00:42 2018  [INFO]: Checking Status - ProcessScheduler
Mon Sep 10 13:00:42 2018  [ALWAYS]: peoplesoftservices script completed.
Mon Sep 10 13:00:42 2018  [ALWAYS]: peoplesoftservices script completed.
Mon Sep 10 13:00:42 2018  [INFO]: Checking Status - ProcessScheduler
Mon Sep 10 13:00:42 2018  [ALWAYS]: peoplesoftservices script completed.
Mon Sep 10 13:00:42 2018  [ALWAYS]: peoplesoftservices script completed.
Mon Sep 10 13:00:42 2018  [INFO]: Starting ProcessScheduler
Mon Sep 10 13:00:42 2018  [INFO]: Checking Status - Appserver
Mon Sep 10 13:00:42 2018  [INFO]: Checking Status - Webserver
Mon Sep 10 13:00:42 2018  [INFO]: Checking Status - ProcessScheduler
Mon Sep 10 13:00:42 2018  [ALWAYS]: peoplesoftservices script completed.
Mon Sep 10 13:00:42 2018  [ALWAYS]: peoplesoftservices script completed.
Mon Sep 10 13:00:42 2018  [INFO]: Checking Status - ProcessScheduler
Mon Sep 10 13:00:42 2018  [ALWAYS]: peoplesoftservices script completed.
Mon Sep 10 13:00:42 2018  [ALWAYS]: peoplesoftservices script completed.
Mon Sep 10 13:00:42 2018  [INFO]: Checking Status - Webserver
Mon Sep 10 13:00:42 2018  [INFO]: Checking Status - ProcessScheduler
Mon Sep 10 13:00:42 2018  [ALWAYS]: peoplesoftservices script completed.
Mon Sep 10 13:00:42 2018  [ALWAYS]: peoplesoftservices script completed.
Mon Sep 10 13:00:42 2018  [INFO]: Checking Status - ProcessScheduler
Mon Sep 10 13:00:42 2018  [ALWAYS]: peoplesoftservices script completed.
Mon Sep 10 13:00:42 2018  [ALWAYS]: peoplesoftservices script completed.
Mon Sep 10 13:00:42 2018  [INFO]: Checking Status - Appserver
Mon Sep 10 13:00:42 2018  [INFO]: Checking Status - Webserver
Mon Sep 10 13:00:42 2018  [INFO]: Checking Status - ProcessScheduler
Mon Sep 10 13:00:42 2018  [ALWAYS]: peoplesoftservices script completed.
Mon Sep 10 13:00:42 2018  [ALWAYS]: peoplesoftservices script completed.
Mon Sep 10 13:00:42 2018  [INFO]: Checking Status - ProcessScheduler
Mon Sep 10 13:00:42 2018  [ALWAYS]: peoplesoftservices script completed.
Mon Sep 10 13:00:42 2018  [ALWAYS]: peoplesoftservices script completed.
Mon Sep 10 13:00:42 2018  [INFO]: Checking Status - Webserver
Mon Sep 10 13:00:42 2018  [INFO]: Checking Status - ProcessScheduler
Mon Sep 10 13:00:42 2018  [ALWAYS]: peoplesoftservices script completed.
Mon Sep 10 13:00:42 2018  [ALWAYS]: peoplesoftservices script completed.
Mon Sep 10 13:00:42 2018  [INFO]: Checking Status - ProcessScheduler
Mon Sep 10 13:00:42 2018  [ALWAYS]: peoplesoftservices script completed.
Mon Sep 10 13:00:42 2018  [ALWAYS]: peoplesoftservices script completed.
Mon Sep 10 13:00:42 2018  [INFO]: Starting Appserver
Mon Sep 10 13:00:42 2018  [INFO]: Starting Webserver
Mon Sep 10 13:00:42 2018  [INFO]: Starting ProcessScheduler
Mon Sep 10 13:00:42 2018  [INFO]: Checking Status - Appserver
Mon Sep 10 13:00:42 2018  [INFO]: Checking Status - Webserver
Mon Sep 10 13:00:42 2018  [INFO]: Checking Status - ProcessScheduler
Mon Sep 10 13:00:42 2018  [ALWAYS]: peoplesoftservices script completed.
Mon Sep 10 13:00:42 2018  [ALWAYS]: peoplesoftservices script completed.
Mon Sep 10 13:00:42 2018  [INFO]: Checking Status - ProcessScheduler
Mon Sep 10 13:00:42 2018  [ALWAYS]: peoplesoftservices script completed.
Mon Sep 10 13:00:42 2018  [ALWAYS]: peoplesoftservices script completed.
Mon Sep 10 13:00:42 2018  [INFO]: Checking Status - Webserver
Mon Sep 10 13:00:42 2018  [INFO]: Checking Status - ProcessScheduler
Mon Sep 10 13:00:42 2018  [ALWAYS]: peoplesoftservices script completed.
Mon Sep 10 13:00:42 2018  [ALWAYS]: peoplesoftservices script completed.
Mon Sep 10 13:00:42 2018  [INFO]: Checking Status - ProcessScheduler
Mon Sep 10 13:00:42 2018  [ALWAYS]: peoplesoftservices script completed.
Mon Sep 10 13:00:42 2018  [ALWAYS]: peoplesoftservices script completed.
Mon Sep 10 13:00:42 2018  [INFO]: Checking Status - Appserver
Mon Sep 10 13:00:42 2018  [INFO]: Checking Status - Webserver
Mon Sep 10 13:00:42 2018  [INFO]: Checking Status - ProcessScheduler
Mon Sep 10 13:00:42 2018  [ALWAYS]: peoplesoftservices script completed.
Mon Sep 10 13:00:42 2018  [ALWAYS]: peoplesoftservices script completed.
Mon Sep 10 13:00:42 2018  [INFO]: Checking Status - ProcessScheduler
Mon Sep 10 13:00:42 2018  [ALWAYS]: peoplesoftservices script completed.
Mon Sep 10 13:00:42 2018  [ALWAYS]: peoplesoftservices script completed.
Mon Sep 10 13:00:42 2018  [INFO]: Checking Status - Webserver
Mon Sep 10 13:00:42 2018  [INFO]: Checking Status - ProcessScheduler
Mon Sep 10 13:00:42 2018  [ALWAYS]: peoplesoftservices script completed.
Mon Sep 10 13:00:42 2018  [ALWAYS]: peoplesoftservices script completed.
Mon Sep 10 13:00:42 2018  [INFO]: Checking Status - ProcessScheduler
Mon Sep 10 13:00:42 2018  [ALWAYS]: peoplesoftservices script completed.
Mon Sep 10 13:00:42 2018  [ALWAYS]: peoplesoftservices script completed.
Mon Sep 10 13:00:42 2018  [INFO]: Starting ProcessScheduler
Mon Sep 10 13:00:42 2018  [INFO]: Checking Status - Appserver
Mon Sep 10 13:00:42 2018  [INFO]: Checking Status - Webserver
Mon Sep 10 13:00:42 2018  [INFO]: Checking Status - ProcessScheduler
Mon Sep 10 13:00:42 2018  [ALWAYS]: peoplesoftservices script completed.
Mon Sep 10 13:00:42 2018  [ALWAYS]: peoplesoftservices script completed.
Mon Sep 10 13:00:42 2018  [INFO]: Checking Status - ProcessScheduler
Mon Sep 10 13:00:42 2018  [ALWAYS]: peoplesoftservices script completed.
Mon Sep 10 13:00:42 2018  [ALWAYS]: peoplesoftservices script completed.
Mon Sep 10 13:00:42 2018  [INFO]: Checking Status - Webserver
Mon Sep 10 13:00:42 2018  [INFO]: Checking Status - ProcessScheduler
Mon Sep 10 13:00:42 2018  [ALWAYS]: peoplesoftservices script completed.
Mon Sep 10 13:00:42 2018  [ALWAYS]: peoplesoftservices script completed.
Mon Sep 10 13:00:42 2018  [INFO]: Checking Status - ProcessScheduler
Mon Sep 10 13:00:42 2018  [ALWAYS]: peoplesoftservices script completed.
Mon Sep 10 13:00:42 2018  [ALWAYS]: peoplesoftservices script completed.
Mon Sep 10 13:00:42 2018  [INFO]: Checking Status - Appserver
Mon Sep 10 13:00:42 2018  [INFO]: Checking Status - Webserver
Mon Sep 10 13:00:42 2018  [INFO]: Checking Status - ProcessScheduler
Mon Sep 10 13:00:42 2018  [ALWAYS]: peoplesoftservices script completed.
Mon Sep 10 13:00:42 2018  [ALWAYS]: peoplesoftservices script completed.
Mon Sep 10 13:00:42 2018  [INFO]: Checking Status - ProcessScheduler
Mon Sep 10 13:00:42 2018  [ALWAYS]: peoplesoftservices script completed.
Mon Sep 10 13:00:42 2018  [ALWAYS]: peoplesoftservices script completed.
Mon Sep 10 13:00:42 2018  [INFO]: Checking Status - Webserver
Mon Sep 10 13:00:42 2018  [INFO]: Checking Status - ProcessScheduler
Mon Sep 10 13:00:42 2018  [ALWAYS]: peoplesoftservices script completed.
Mon Sep 10 13:00:42 2018  [ALWAYS]: peoplesoftservices script completed.
Mon Sep 10 13:00:42 2018  [INFO]: Checking Status - ProcessScheduler
Mon Sep 10 13:00:42 2018  [ALWAYS]: peoplesoftservices script completed.
Mon Sep 10 13:00:42 2018  [ALWAYS]: peoplesoftservices script completed.
Mon Sep 10 13:00:42 2018  [INFO]: Starting Webserver
Mon Sep 10 13:00:42 2018  [INFO]: Starting ProcessScheduler
Mon Sep 10 13:00:42 2018  [INFO]: Checking Status - Appserver
Mon Sep 10 13:00:42 2018  [INFO]: Checking Status - Webserver
Mon Sep 10 13:00:42 2018  [INFO]: Checking Status - ProcessScheduler
Mon Sep 10 13:00:42 2018  [ALWAYS]: peoplesoftservices script completed.
Mon Sep 10 13:00:42 2018  [ALWAYS]: peoplesoftservices script completed.
Mon Sep 10 13:00:42 2018  [INFO]: Checking Status - ProcessScheduler
Mon Sep 10 13:00:42 2018  [ALWAYS]: peoplesoftservices script completed.
Mon Sep 10 13:00:42 2018  [ALWAYS]: peoplesoftservices script completed.
Mon Sep 10 13:00:42 2018  [INFO]: Checking Status - Webserver
Mon Sep 10 13:00:42 2018  [INFO]: Checking Status - ProcessScheduler
Mon Sep 10 13:00:42 2018  [ALWAYS]: peoplesoftservices script completed.
Mon Sep 10 13:00:42 2018  [ALWAYS]: peoplesoftservices script completed.
Mon Sep 10 13:00:42 2018  [INFO]: Checking Status - ProcessScheduler
Mon Sep 10 13:00:42 2018  [ALWAYS]: peoplesoftservices script completed.
Mon Sep 10 13:00:42 2018  [ALWAYS]: peoplesoftservices script completed.
Mon Sep 10 13:00:42 2018  [INFO]: Checking Status - Appserver
Mon Sep 10 13:00:42 2018  [INFO]: Checking Status - Webserver
Mon Sep 10 13:00:42 2018  [INFO]: Checking Status - ProcessScheduler
Mon Sep 10 13:00:42 2018  [ALWAYS]: peoplesoftservices script completed.
Mon Sep 10 13:00:42 2018  [ALWAYS]: peoplesoftservices script completed.
Mon Sep 10 13:00:42 2018  [INFO]: Checking Status - ProcessScheduler
Mon Sep 10 13:00:42 2018  [ALWAYS]: peoplesoftservices script completed.
Mon Sep 10 13:00:42 2018  [ALWAYS]: peoplesoftservices script completed.
Mon Sep 10 13:00:42 2018  [INFO]: Checking Status - Webserver
Mon Sep 10 13:00:42 2018  [INFO]: Checking Status - ProcessScheduler
Mon Sep 10 13:00:42 2018  [ALWAYS]: peoplesoftservices script completed.
Mon Sep 10 13:00:42 2018  [ALWAYS]: peoplesoftservices script completed.
Mon Sep 10 13:00:42 2018  [INFO]: Checking Status - ProcessScheduler
Mon Sep 10 13:00:42 2018  [ALWAYS]: peoplesoftservices script completed.
Mon Sep 10 13:00:42 2018  [ALWAYS]: peoplesoftservices script completed.
Mon Sep 10 13:00:42 2018  [INFO]: Starting ProcessScheduler
Mon Sep 10 13:00:42 2018  [INFO]: Checking Status - Appserver
Mon Sep 10 13:00:42 2018  [INFO]: Checking Status - Webserver
Mon Sep 10 13:00:42 2018  [INFO]: Checking Status - ProcessScheduler
Mon Sep 10 13:00:42 2018  [ALWAYS]: peoplesoftservices script completed.
Mon Sep 10 13:00:42 2018  [ALWAYS]: peoplesoftservices script completed.
Mon Sep 10 13:00:42 2018  [INFO]: Checking Status - ProcessScheduler
Mon Sep 10 13:00:42 2018  [ALWAYS]: peoplesoftservices script completed.
Mon Sep 10 13:00:42 2018  [ALWAYS]: peoplesoftservices script completed.
Mon Sep 10 13:00:42 2018  [INFO]: Checking Status - Webserver
Mon Sep 10 13:00:42 2018  [INFO]: Checking Status - ProcessScheduler
Mon Sep 10 13:00:42 2018  [ALWAYS]: peoplesoftservices script completed.
Mon Sep 10 13:00:42 2018  [ALWAYS]: peoplesoftservices script completed.
Mon Sep 10 13:00:42 2018  [INFO]: Checking Status - ProcessScheduler
Mon Sep 10 13:00:42 2018  [ALWAYS]: peoplesoftservices script completed.
Mon Sep 10 13:00:42 2018  [ALWAYS]: peoplesoftservices script completed.
Mon Sep 10 13:00:42 2018  [INFO]: Checking Status - Appserver
Mon Sep 10 13:00:42 2018  [INFO]: Checking Status - Webserver
Mon Sep 10 13:00:42 2018  [INFO]: Checking Status - ProcessScheduler
Mon Sep 10 13:00:42 2018  [ALWAYS]: peoplesoftservices script completed.
Mon Sep 10 13:00:42 2018  [ALWAYS]: peoplesoftservices script completed.
Mon Sep 10 13:00:42 2018  [INFO]: Checking Status - ProcessScheduler
Mon Sep 10 13:00:42 2018  [ALWAYS]: peoplesoftservices script completed.
Mon Sep 10 13:00:42 2018  [ALWAYS]: peoplesoftservices script completed.
Mon Sep 10 13:00:42 2018  [INFO]: Checking Status - Webserver
Mon Sep 10 13:00:42 2018  [INFO]: Checking Status - ProcessScheduler
Mon Sep 10 13:00:42 2018  [ALWAYS]: peoplesoftservices script completed.
Mon Sep 10 13:00:42 2018  [ALWAYS]: peoplesoftservices script completed.
Mon Sep 10 13:00:42 2018  [INFO]: Checking Status - ProcessScheduler
Mon Sep 10 13:00:42 2018  [ALWAYS]: peoplesoftservices script completed.
Mon Sep 10 13:00:42 2018  [ALWAYS]: peoplesoftservices script completed.
Mon Sep 10 13:00:42 2018  [INFO]: Stopping Process Scheduler
Mon Sep 10 13:00:42 2018  [INFO]: Starting Appserver
Mon Sep 10 13:00:42 2018  [INFO]: Starting Webserver
Mon Sep 10 13:00:42 2018  [INFO]: Starting ProcessScheduler
Mon Sep 10 13:00:42 2018  [INFO]: Checking Status - Appserver
Mon Sep 10 13:00:42 2018  [INFO]: Checking Status - Webserver
Mon Sep 10 13:00:42 2018  [INFO]: Checking Status - ProcessScheduler
Mon Sep 10 13:00:42 2018  [ALWAYS]: peoplesoftservices script completed.
Mon Sep 10 13:00:42 2018  [ALWAYS]: peoplesoftservices script completed.
Mon Sep 10 13:00:42 2018  [INFO]: Checking Status - ProcessScheduler
Mon Sep 10 13:00:42 2018  [ALWAYS]: peoplesoftservices script completed.
Mon Sep 10 13:00:42 2018  [ALWAYS]: peoplesoftservices script completed.
Mon Sep 10 13:00:42 2018  [INFO]: Checking Status - Webserver
Mon Sep 10 13:00:42 2018  [INFO]: Checking Status - ProcessScheduler
Mon Sep 10 13:00:42 2018  [ALWAYS]: peoplesoftservices script completed.
Mon Sep 10 13:00:42 2018  [ALWAYS]: peoplesoftservices script completed.
Mon Sep 10 13:00:42 2018  [INFO]: Checking Status - ProcessScheduler
Mon Sep 10 13:00:42 2018  [ALWAYS]: peoplesoftservices script completed.
Mon Sep 10 13:00:42 2018  [ALWAYS]: peoplesoftservices script completed.
Mon Sep 10 13:00:42 2018  [INFO]: Checking Status - Appserver
Mon Sep 10 13:00:42 2018  [INFO]: Checking Status - Webserver
Mon Sep 10 13:00:42 2018  [INFO]: Checking Status - ProcessScheduler
Mon Sep 10 13:00:42 2018  [ALWAYS]: peoplesoftservices script completed.
Mon Sep 10 13:00:42 2018  [ALWAYS]: peoplesoftservices script completed.
Mon Sep 10 13:00:42 2018  [INFO]: Checking Status - ProcessScheduler
Mon Sep 10 13:00:42 2018  [ALWAYS]: peoplesoftservices script completed.
Mon Sep 10 13:00:42 2018  [ALWAYS]: peoplesoftservices script completed.
Mon Sep 10 13:00:42 2018  [INFO]: Checking Status - Webserver
Mon Sep 10 13:00:42 2018  [INFO]: Checking Status - ProcessScheduler
Mon Sep 10 13:00:42 2018  [ALWAYS]: peoplesoftservices script completed.
Mon Sep 10 13:00:42 2018  [ALWAYS]: peoplesoftservices script completed.
Mon Sep 10 13:00:42 2018  [INFO]: Checking Status - ProcessScheduler
Mon Sep 10 13:00:42 2018  [ALWAYS]: peoplesoftservices script completed.
Mon Sep 10 13:00:42 2018  [ALWAYS]: peoplesoftservices script completed.
Mon Sep 10 13:00:42 2018  [INFO]: Starting ProcessScheduler
Mon Sep 10 13:00:42 2018  [INFO]: Checking Status - Appserver
Mon Sep 10 13:00:42 2018  [INFO]: Checking Status - Webserver
Mon Sep 10 13:00:42 2018  [INFO]: Checking Status - ProcessScheduler
Mon Sep 10 13:00:42 2018  [ALWAYS]: peoplesoftservices script completed.
Mon Sep 10 13:00:42 2018  [ALWAYS]: peoplesoftservices script completed.
Mon Sep 10 13:00:42 2018  [INFO]: Checking Status - ProcessScheduler
Mon Sep 10 13:00:42 2018  [ALWAYS]: peoplesoftservices script completed.
Mon Sep 10 13:00:42 2018  [ALWAYS]: peoplesoftservices script completed.
Mon Sep 10 13:00:42 2018  [INFO]: Checking Status - Webserver
Mon Sep 10 13:00:42 2018  [INFO]: Checking Status - ProcessScheduler
Mon Sep 10 13:00:42 2018  [ALWAYS]: peoplesoftservices script completed.
Mon Sep 10 13:00:42 2018  [ALWAYS]: peoplesoftservices script completed.
Mon Sep 10 13:00:42 2018  [INFO]: Checking Status - ProcessScheduler
Mon Sep 10 13:00:42 2018  [ALWAYS]: peoplesoftservices script completed.
Mon Sep 10 13:00:42 2018  [ALWAYS]: peoplesoftservices script completed.
Mon Sep 10 13:00:42 2018  [INFO]: Checking Status - Appserver
Mon Sep 10 13:00:42 2018  [INFO]: Checking Status - Webserver
Mon Sep 10 13:00:42 2018  [INFO]: Checking Status - ProcessScheduler
Mon Sep 10 13:00:42 2018  [ALWAYS]: peoplesoftservices script completed.
Mon Sep 10 13:00:42 2018  [ALWAYS]: peoplesoftservices script completed.
Mon Sep 10 13:00:42 2018  [INFO]: Checking Status - ProcessScheduler
Mon Sep 10 13:00:42 2018  [ALWAYS]: peoplesoftservices script completed.
Mon Sep 10 13:00:42 2018  [ALWAYS]: peoplesoftservices script completed.
Mon Sep 10 13:00:42 2018  [INFO]: Checking Status - Webserver
Mon Sep 10 13:00:42 2018  [INFO]: Checking Status - ProcessScheduler
Mon Sep 10 13:00:42 2018  [ALWAYS]: peoplesoftservices script completed.
Mon Sep 10 13:00:42 2018  [ALWAYS]: peoplesoftservices script completed.
Mon Sep 10 13:00:42 2018  [INFO]: Checking Status - ProcessScheduler
Mon Sep 10 13:00:42 2018  [ALWAYS]: peoplesoftservices script completed.
Mon Sep 10 13:00:42 2018  [ALWAYS]: peoplesoftservices script completed.
Mon Sep 10 13:00:42 2018  [INFO]: Starting Webserver
Mon Sep 10 13:00:42 2018  [INFO]: Starting ProcessScheduler
Mon Sep 10 13:00:42 2018  [INFO]: Checking Status - Appserver
Mon Sep 10 13:00:42 2018  [INFO]: Checking Status - Webserver
Mon Sep 10 13:00:42 2018  [INFO]: Checking Status - ProcessScheduler
Mon Sep 10 13:00:42 2018  [ALWAYS]: peoplesoftservices script completed.
Mon Sep 10 13:00:42 2018  [ALWAYS]: peoplesoftservices script completed.
Mon Sep 10 13:00:42 2018  [INFO]: Checking Status - ProcessScheduler
Mon Sep 10 13:00:42 2018  [ALWAYS]: peoplesoftservices script completed.
Mon Sep 10 13:00:42 2018  [ALWAYS]: peoplesoftservices script completed.
Mon Sep 10 13:00:42 2018  [INFO]: Checking Status - Webserver
Mon Sep 10 13:00:42 2018  [INFO]: Checking Status - ProcessScheduler
Mon Sep 10 13:00:42 2018  [ALWAYS]: peoplesoftservices script completed.
Mon Sep 10 13:00:42 2018  [ALWAYS]: peoplesoftservices script completed.
Mon Sep 10 13:00:42 2018  [INFO]: Checking Status - ProcessScheduler
Mon Sep 10 13:00:42 2018  [ALWAYS]: peoplesoftservices script completed.
Mon Sep 10 13:00:42 2018  [ALWAYS]: peoplesoftservices script completed.
Mon Sep 10 13:00:42 2018  [INFO]: Checking Status - Appserver
Mon Sep 10 13:00:42 2018  [INFO]: Checking Status - Webserver
Mon Sep 10 13:00:42 2018  [INFO]: Checking Status - ProcessScheduler
Mon Sep 10 13:00:42 2018  [ALWAYS]: peoplesoftservices script completed.
Mon Sep 10 13:00:42 2018  [ALWAYS]: peoplesoftservices script completed.
Mon Sep 10 13:00:42 2018  [INFO]: Checking Status - ProcessScheduler
Mon Sep 10 13:00:42 2018  [ALWAYS]: peoplesoftservices script completed.
Mon Sep 10 13:00:42 2018  [ALWAYS]: peoplesoftservices script completed.
Mon Sep 10 13:00:42 2018  [INFO]: Checking Status - Webserver
Mon Sep 10 13:00:42 2018  [INFO]: Checking Status - ProcessScheduler
Mon Sep 10 13:00:42 2018  [ALWAYS]: peoplesoftservices script completed.
Mon Sep 10 13:00:42 2018  [ALWAYS]: peoplesoftservices script completed.
Mon Sep 10 13:00:42 2018  [INFO]: Checking Status - ProcessScheduler
Mon Sep 10 13:00:42 2018  [ALWAYS]: peoplesoftservices script completed.
Mon Sep 10 13:00:42 2018  [ALWAYS]: peoplesoftservices script completed.
Mon Sep 10 13:00:42 2018  [INFO]: Starting ProcessScheduler
Mon Sep 10 13:00:42 2018  [INFO]: Checking Status - Appserver
Mon Sep 10 13:00:42 2018  [INFO]: Checking Status - Webserver
Mon Sep 10 13:00:42 2018  [INFO]: Checking Status - ProcessScheduler
Mon Sep 10 13:00:42 2018  [ALWAYS]: peoplesoftservices script completed.
Mon Sep 10 13:00:42 2018  [ALWAYS]: peoplesoftservices script completed.
Mon Sep 10 13:00:42 2018  [INFO]: Checking Status - ProcessScheduler
Mon Sep 10 13:00:42 2018  [ALWAYS]: peoplesoftservices script completed.
Mon Sep 10 13:00:42 2018  [ALWAYS]: peoplesoftservices script completed.
Mon Sep 10 13:00:42 2018  [INFO]: Checking Status - Webserver
Mon Sep 10 13:00:42 2018  [INFO]: Checking Status - ProcessScheduler
Mon Sep 10 13:00:42 2018  [ALWAYS]: peoplesoftservices script completed.
Mon Sep 10 13:00:42 2018  [ALWAYS]: peoplesoftservices script completed.
Mon Sep 10 13:00:42 2018  [INFO]: Checking Status - ProcessScheduler
Mon Sep 10 13:00:42 2018  [ALWAYS]: peoplesoftservices script completed.
Mon Sep 10 13:00:42 2018  [ALWAYS]: peoplesoftservices script completed.
Mon Sep 10 13:00:42 2018  [INFO]: Checking Status - Appserver
Mon Sep 10 13:00:42 2018  [INFO]: Checking Status - Webserver
Mon Sep 10 13:00:42 2018  [INFO]: Checking Status - ProcessScheduler
Mon Sep 10 13:00:42 2018  [ALWAYS]: peoplesoftservices script completed.
Mon Sep 10 13:00:42 2018  [ALWAYS]: peoplesoftservices script completed.
Mon Sep 10 13:00:42 2018  [INFO]: Checking Status - ProcessScheduler
Mon Sep 10 13:00:42 2018  [ALWAYS]: peoplesoftservices script completed.
Mon Sep 10 13:00:42 2018  [ALWAYS]: peoplesoftservices script completed.
Mon Sep 10 13:00:42 2018  [INFO]: Checking Status - Webserver
Mon Sep 10 13:00:42 2018  [INFO]: Checking Status - ProcessScheduler
Mon Sep 10 13:00:42 2018  [ALWAYS]: peoplesoftservices script completed.
Mon Sep 10 13:00:42 2018  [ALWAYS]: peoplesoftservices script completed.
Mon Sep 10 13:00:42 2018  [INFO]: Checking Status - ProcessScheduler
Mon Sep 10 13:00:42 2018  [ALWAYS]: peoplesoftservices script completed.
Mon Sep 10 13:00:42 2018  [ALWAYS]: peoplesoftservices script completed.
Mon Sep 10 13:00:42 2018  [INFO]: Starting Appserver
Mon Sep 10 13:00:42 2018  [INFO]: Starting Webserver
Mon Sep 10 13:00:42 2018  [INFO]: Starting ProcessScheduler
Mon Sep 10 13:00:42 2018  [INFO]: Checking Status - Appserver
Mon Sep 10 13:00:42 2018  [INFO]: Checking Status - Webserver
Mon Sep 10 13:00:42 2018  [INFO]: Checking Status - ProcessScheduler
Mon Sep 10 13:00:42 2018  [ALWAYS]: peoplesoftservices script completed.
Mon Sep 10 13:00:42 2018  [ALWAYS]: peoplesoftservices script completed.
Mon Sep 10 13:00:42 2018  [INFO]: Checking Status - ProcessScheduler
Mon Sep 10 13:00:42 2018  [ALWAYS]: peoplesoftservices script completed.
Mon Sep 10 13:00:42 2018  [ALWAYS]: peoplesoftservices script completed.
Mon Sep 10 13:00:42 2018  [INFO]: Checking Status - Webserver
Mon Sep 10 13:00:42 2018  [INFO]: Checking Status - ProcessScheduler
Mon Sep 10 13:00:42 2018  [ALWAYS]: peoplesoftservices script completed.
Mon Sep 10 13:00:42 2018  [ALWAYS]: peoplesoftservices script completed.
Mon Sep 10 13:00:42 2018  [INFO]: Checking Status - ProcessScheduler
Mon Sep 10 13:00:42 2018  [ALWAYS]: peoplesoftservices script completed.
Mon Sep 10 13:00:42 2018  [ALWAYS]: peoplesoftservices script completed.
Mon Sep 10 13:00:42 2018  [INFO]: Checking Status - Appserver
Mon Sep 10 13:00:42 2018  [INFO]: Checking Status - Webserver
Mon Sep 10 13:00:42 2018  [INFO]: Checking Status - ProcessScheduler
Mon Sep 10 13:00:42 2018  [ALWAYS]: peoplesoftservices script completed.
Mon Sep 10 13:00:42 2018  [ALWAYS]: peoplesoftservices script completed.
Mon Sep 10 13:00:42 2018  [INFO]: Checking Status - ProcessScheduler
Mon Sep 10 13:00:42 2018  [ALWAYS]: peoplesoftservices script completed.
Mon Sep 10 13:00:42 2018  [ALWAYS]: peoplesoftservices script completed.
Mon Sep 10 13:00:42 2018  [INFO]: Checking Status - Webserver
Mon Sep 10 13:00:42 2018  [INFO]: Checking Status - ProcessScheduler
Mon Sep 10 13:00:42 2018  [ALWAYS]: peoplesoftservices script completed.
Mon Sep 10 13:00:42 2018  [ALWAYS]: peoplesoftservices script completed.
Mon Sep 10 13:00:42 2018  [INFO]: Checking Status - ProcessScheduler
Mon Sep 10 13:00:42 2018  [ALWAYS]: peoplesoftservices script completed.
Mon Sep 10 13:00:42 2018  [ALWAYS]: peoplesoftservices script completed.
Mon Sep 10 13:00:42 2018  [INFO]: Starting ProcessScheduler
Mon Sep 10 13:00:42 2018  [INFO]: Checking Status - Appserver
Mon Sep 10 13:00:42 2018  [INFO]: Checking Status - Webserver
Mon Sep 10 13:00:42 2018  [INFO]: Checking Status - ProcessScheduler
Mon Sep 10 13:00:42 2018  [ALWAYS]: peoplesoftservices script completed.
Mon Sep 10 13:00:42 2018  [ALWAYS]: peoplesoftservices script completed.
Mon Sep 10 13:00:42 2018  [INFO]: Checking Status - ProcessScheduler
Mon Sep 10 13:00:42 2018  [ALWAYS]: peoplesoftservices script completed.
Mon Sep 10 13:00:42 2018  [ALWAYS]: peoplesoftservices script completed.
Mon Sep 10 13:00:42 2018  [INFO]: Checking Status - Webserver
Mon Sep 10 13:00:42 2018  [INFO]: Checking Status - ProcessScheduler
Mon Sep 10 13:00:42 2018  [ALWAYS]: peoplesoftservices script completed.
Mon Sep 10 13:00:42 2018  [ALWAYS]: peoplesoftservices script completed.
Mon Sep 10 13:00:42 2018  [INFO]: Checking Status - ProcessScheduler
Mon Sep 10 13:00:42 2018  [ALWAYS]: peoplesoftservices script completed.
Mon Sep 10 13:00:42 2018  [ALWAYS]: peoplesoftservices script completed.
Mon Sep 10 13:00:42 2018  [INFO]: Checking Status - Appserver
Mon Sep 10 13:00:42 2018  [INFO]: Checking Status - Webserver
Mon Sep 10 13:00:42 2018  [INFO]: Checking Status - ProcessScheduler
Mon Sep 10 13:00:42 2018  [ALWAYS]: peoplesoftservices script completed.
Mon Sep 10 13:00:42 2018  [ALWAYS]: peoplesoftservices script completed.
Mon Sep 10 13:00:42 2018  [INFO]: Checking Status - ProcessScheduler
Mon Sep 10 13:00:42 2018  [ALWAYS]: peoplesoftservices script completed.
Mon Sep 10 13:00:42 2018  [ALWAYS]: peoplesoftservices script completed.
Mon Sep 10 13:00:42 2018  [INFO]: Checking Status - Webserver
Mon Sep 10 13:00:42 2018  [INFO]: Checking Status - ProcessScheduler
Mon Sep 10 13:00:42 2018  [ALWAYS]: peoplesoftservices script completed.
Mon Sep 10 13:00:42 2018  [ALWAYS]: peoplesoftservices script completed.
Mon Sep 10 13:00:42 2018  [INFO]: Checking Status - ProcessScheduler
Mon Sep 10 13:00:42 2018  [ALWAYS]: peoplesoftservices script completed.
Mon Sep 10 13:00:42 2018  [ALWAYS]: peoplesoftservices script completed.
Mon Sep 10 13:00:42 2018  [INFO]: Starting Webserver
Mon Sep 10 13:00:42 2018  [INFO]: Starting ProcessScheduler
Mon Sep 10 13:00:42 2018  [INFO]: Checking Status - Appserver
Mon Sep 10 13:00:42 2018  [INFO]: Checking Status - Webserver
Mon Sep 10 13:00:42 2018  [INFO]: Checking Status - ProcessScheduler
Mon Sep 10 13:00:42 2018  [ALWAYS]: peoplesoftservices script completed.
Mon Sep 10 13:00:42 2018  [ALWAYS]: peoplesoftservices script completed.
Mon Sep 10 13:00:42 2018  [INFO]: Checking Status - ProcessScheduler
Mon Sep 10 13:00:42 2018  [ALWAYS]: peoplesoftservices script completed.
Mon Sep 10 13:00:42 2018  [ALWAYS]: peoplesoftservices script completed.
Mon Sep 10 13:00:42 2018  [INFO]: Checking Status - Webserver
Mon Sep 10 13:00:42 2018  [INFO]: Checking Status - ProcessScheduler
Mon Sep 10 13:00:42 2018  [ALWAYS]: peoplesoftservices script completed.
Mon Sep 10 13:00:42 2018  [ALWAYS]: peoplesoftservices script completed.
Mon Sep 10 13:00:42 2018  [INFO]: Checking Status - ProcessScheduler
Mon Sep 10 13:00:42 2018  [ALWAYS]: peoplesoftservices script completed.
Mon Sep 10 13:00:42 2018  [ALWAYS]: peoplesoftservices script completed.
Mon Sep 10 13:00:42 2018  [INFO]: Checking Status - Appserver
Mon Sep 10 13:00:42 2018  [INFO]: Checking Status - Webserver
Mon Sep 10 13:00:42 2018  [INFO]: Checking Status - ProcessScheduler
Mon Sep 10 13:00:42 2018  [ALWAYS]: peoplesoftservices script completed.
Mon Sep 10 13:00:42 2018  [ALWAYS]: peoplesoftservices script completed.
Mon Sep 10 13:00:42 2018  [INFO]: Checking Status - ProcessScheduler
Mon Sep 10 13:00:42 2018  [ALWAYS]: peoplesoftservices script completed.
Mon Sep 10 13:00:42 2018  [ALWAYS]: peoplesoftservices script completed.
Mon Sep 10 13:00:42 2018  [INFO]: Checking Status - Webserver
Mon Sep 10 13:00:42 2018  [INFO]: Checking Status - ProcessScheduler
Mon Sep 10 13:00:42 2018  [ALWAYS]: peoplesoftservices script completed.
Mon Sep 10 13:00:42 2018  [ALWAYS]: peoplesoftservices script completed.
Mon Sep 10 13:00:42 2018  [INFO]: Checking Status - ProcessScheduler
Mon Sep 10 13:00:42 2018  [ALWAYS]: peoplesoftservices script completed.
Mon Sep 10 13:00:42 2018  [ALWAYS]: peoplesoftservices script completed.
Mon Sep 10 13:00:42 2018  [INFO]: Starting ProcessScheduler
Mon Sep 10 13:00:42 2018  [INFO]: Checking Status - Appserver
Mon Sep 10 13:00:42 2018  [INFO]: Checking Status - Webserver
Mon Sep 10 13:00:42 2018  [INFO]: Checking Status - ProcessScheduler
Mon Sep 10 13:00:42 2018  [ALWAYS]: peoplesoftservices script completed.
Mon Sep 10 13:00:42 2018  [ALWAYS]: peoplesoftservices script completed.
Mon Sep 10 13:00:42 2018  [INFO]: Checking Status - ProcessScheduler
Mon Sep 10 13:00:42 2018  [ALWAYS]: peoplesoftservices script completed.
Mon Sep 10 13:00:42 2018  [ALWAYS]: peoplesoftservices script completed.
Mon Sep 10 13:00:42 2018  [INFO]: Checking Status - Webserver
Mon Sep 10 13:00:42 2018  [INFO]: Checking Status - ProcessScheduler
Mon Sep 10 13:00:42 2018  [ALWAYS]: peoplesoftservices script completed.
Mon Sep 10 13:00:42 2018  [ALWAYS]: peoplesoftservices script completed.
Mon Sep 10 13:00:42 2018  [INFO]: Checking Status - ProcessScheduler
Mon Sep 10 13:00:42 2018  [ALWAYS]: peoplesoftservices script completed.
Mon Sep 10 13:00:42 2018  [ALWAYS]: peoplesoftservices script completed.
Mon Sep 10 13:00:42 2018  [INFO]: Checking Status - Appserver
Mon Sep 10 13:00:42 2018  [INFO]: Checking Status - Webserver
Mon Sep 10 13:00:42 2018  [INFO]: Checking Status - ProcessScheduler
Mon Sep 10 13:00:42 2018  [ALWAYS]: peoplesoftservices script completed.
Mon Sep 10 13:00:42 2018  [ALWAYS]: peoplesoftservices script completed.
Mon Sep 10 13:00:42 2018  [INFO]: Checking Status - ProcessScheduler
Mon Sep 10 13:00:42 2018  [ALWAYS]: peoplesoftservices script completed.
Mon Sep 10 13:00:42 2018  [ALWAYS]: peoplesoftservices script completed.
Mon Sep 10 13:00:42 2018  [INFO]: Checking Status - Webserver
Mon Sep 10 13:00:42 2018  [INFO]: Checking Status - ProcessScheduler
Mon Sep 10 13:00:42 2018  [ALWAYS]: peoplesoftservices script completed.
Mon Sep 10 13:00:42 2018  [ALWAYS]: peoplesoftservices script completed.
Mon Sep 10 13:00:42 2018  [INFO]: Checking Status - ProcessScheduler
Mon Sep 10 13:00:42 2018  [ALWAYS]: peoplesoftservices script completed.
Mon Sep 10 13:00:42 2018  [ALWAYS]: peoplesoftservices script completed.
Mon Sep 10 13:00:42 2018  [INFO]: Stopping Webserver
Mon Sep 10 13:00:42 2018  [INFO]: Stopping Process Scheduler
Mon Sep 10 13:00:42 2018  [INFO]: Starting Appserver
Mon Sep 10 13:00:42 2018  [INFO]: Starting Webserver
Mon Sep 10 13:00:42 2018  [INFO]: Starting ProcessScheduler
Mon Sep 10 13:00:42 2018  [INFO]: Checking Status - Appserver
Mon Sep 10 13:00:42 2018  [INFO]: Checking Status - Webserver
Mon Sep 10 13:00:42 2018  [INFO]: Checking Status - ProcessScheduler
Mon Sep 10 13:00:42 2018  [ALWAYS]: peoplesoftservices script completed.
Mon Sep 10 13:00:42 2018  [ALWAYS]: peoplesoftservices script completed.
Mon Sep 10 13:00:42 2018  [INFO]: Checking Status - ProcessScheduler
Mon Sep 10 13:00:42 2018  [ALWAYS]: peoplesoftservices script completed.
Mon Sep 10 13:00:42 2018  [ALWAYS]: peoplesoftservices script completed.
Mon Sep 10 13:00:42 2018  [INFO]: Checking Status - Webserver
Mon Sep 10 13:00:42 2018  [INFO]: Checking Status - ProcessScheduler
Mon Sep 10 13:00:42 2018  [ALWAYS]: peoplesoftservices script completed.
Mon Sep 10 13:00:42 2018  [ALWAYS]: peoplesoftservices script completed.
Mon Sep 10 13:00:42 2018  [INFO]: Checking Status - ProcessScheduler
Mon Sep 10 13:00:42 2018  [ALWAYS]: peoplesoftservices script completed.
Mon Sep 10 13:00:42 2018  [ALWAYS]: peoplesoftservices script completed.
Mon Sep 10 13:00:42 2018  [INFO]: Checking Status - Appserver
Mon Sep 10 13:00:42 2018  [INFO]: Checking Status - Webserver
Mon Sep 10 13:00:42 2018  [INFO]: Checking Status - ProcessScheduler
Mon Sep 10 13:00:42 2018  [ALWAYS]: peoplesoftservices script completed.
Mon Sep 10 13:00:42 2018  [ALWAYS]: peoplesoftservices script completed.
Mon Sep 10 13:00:42 2018  [INFO]: Checking Status - ProcessScheduler
Mon Sep 10 13:00:42 2018  [ALWAYS]: peoplesoftservices script completed.
Mon Sep 10 13:00:42 2018  [ALWAYS]: peoplesoftservices script completed.
Mon Sep 10 13:00:42 2018  [INFO]: Checking Status - Webserver
Mon Sep 10 13:00:42 2018  [INFO]: Checking Status - ProcessScheduler
Mon Sep 10 13:00:42 2018  [ALWAYS]: peoplesoftservices script completed.
Mon Sep 10 13:00:42 2018  [ALWAYS]: peoplesoftservices script completed.
Mon Sep 10 13:00:42 2018  [INFO]: Checking Status - ProcessScheduler
Mon Sep 10 13:00:42 2018  [ALWAYS]: peoplesoftservices script completed.
Mon Sep 10 13:00:42 2018  [ALWAYS]: peoplesoftservices script completed.
Mon Sep 10 13:00:42 2018  [INFO]: Starting ProcessScheduler
Mon Sep 10 13:00:42 2018  [INFO]: Checking Status - Appserver
Mon Sep 10 13:00:42 2018  [INFO]: Checking Status - Webserver
Mon Sep 10 13:00:42 2018  [INFO]: Checking Status - ProcessScheduler
Mon Sep 10 13:00:42 2018  [ALWAYS]: peoplesoftservices script completed.
Mon Sep 10 13:00:42 2018  [ALWAYS]: peoplesoftservices script completed.
Mon Sep 10 13:00:42 2018  [INFO]: Checking Status - ProcessScheduler
Mon Sep 10 13:00:42 2018  [ALWAYS]: peoplesoftservices script completed.
Mon Sep 10 13:00:42 2018  [ALWAYS]: peoplesoftservices script completed.
Mon Sep 10 13:00:42 2018  [INFO]: Checking Status - Webserver
Mon Sep 10 13:00:42 2018  [INFO]: Checking Status - ProcessScheduler
Mon Sep 10 13:00:42 2018  [ALWAYS]: peoplesoftservices script completed.
Mon Sep 10 13:00:42 2018  [ALWAYS]: peoplesoftservices script completed.
Mon Sep 10 13:00:42 2018  [INFO]: Checking Status - ProcessScheduler
Mon Sep 10 13:00:42 2018  [ALWAYS]: peoplesoftservices script completed.
Mon Sep 10 13:00:42 2018  [ALWAYS]: peoplesoftservices script completed.
Mon Sep 10 13:00:42 2018  [INFO]: Checking Status - Appserver
Mon Sep 10 13:00:42 2018  [INFO]: Checking Status - Webserver
Mon Sep 10 13:00:42 2018  [INFO]: Checking Status - ProcessScheduler
Mon Sep 10 13:00:42 2018  [ALWAYS]: peoplesoftservices script completed.
Mon Sep 10 13:00:42 2018  [ALWAYS]: peoplesoftservices script completed.
Mon Sep 10 13:00:42 2018  [INFO]: Checking Status - ProcessScheduler
Mon Sep 10 13:00:42 2018  [ALWAYS]: peoplesoftservices script completed.
Mon Sep 10 13:00:42 2018  [ALWAYS]: peoplesoftservices script completed.
Mon Sep 10 13:00:42 2018  [INFO]: Checking Status - Webserver
Mon Sep 10 13:00:42 2018  [INFO]: Checking Status - ProcessScheduler
Mon Sep 10 13:00:42 2018  [ALWAYS]: peoplesoftservices script completed.
Mon Sep 10 13:00:42 2018  [ALWAYS]: peoplesoftservices script completed.
Mon Sep 10 13:00:42 2018  [INFO]: Checking Status - ProcessScheduler
Mon Sep 10 13:00:42 2018  [ALWAYS]: peoplesoftservices script completed.
Mon Sep 10 13:00:42 2018  [ALWAYS]: peoplesoftservices script completed.
Mon Sep 10 13:00:42 2018  [INFO]: Starting Webserver
Mon Sep 10 13:00:42 2018  [INFO]: Starting ProcessScheduler
Mon Sep 10 13:00:42 2018  [INFO]: Checking Status - Appserver
Mon Sep 10 13:00:42 2018  [INFO]: Checking Status - Webserver
Mon Sep 10 13:00:42 2018  [INFO]: Checking Status - ProcessScheduler
Mon Sep 10 13:00:42 2018  [ALWAYS]: peoplesoftservices script completed.
Mon Sep 10 13:00:42 2018  [ALWAYS]: peoplesoftservices script completed.
Mon Sep 10 13:00:42 2018  [INFO]: Checking Status - ProcessScheduler
Mon Sep 10 13:00:42 2018  [ALWAYS]: peoplesoftservices script completed.
Mon Sep 10 13:00:42 2018  [ALWAYS]: peoplesoftservices script completed.
Mon Sep 10 13:00:42 2018  [INFO]: Checking Status - Webserver
Mon Sep 10 13:00:42 2018  [INFO]: Checking Status - ProcessScheduler
Mon Sep 10 13:00:42 2018  [ALWAYS]: peoplesoftservices script completed.
Mon Sep 10 13:00:42 2018  [ALWAYS]: peoplesoftservices script completed.
Mon Sep 10 13:00:42 2018  [INFO]: Checking Status - ProcessScheduler
Mon Sep 10 13:00:42 2018  [ALWAYS]: peoplesoftservices script completed.
Mon Sep 10 13:00:42 2018  [ALWAYS]: peoplesoftservices script completed.
Mon Sep 10 13:00:42 2018  [INFO]: Checking Status - Appserver
Mon Sep 10 13:00:42 2018  [INFO]: Checking Status - Webserver
Mon Sep 10 13:00:42 2018  [INFO]: Checking Status - ProcessScheduler
Mon Sep 10 13:00:42 2018  [ALWAYS]: peoplesoftservices script completed.
Mon Sep 10 13:00:42 2018  [ALWAYS]: peoplesoftservices script completed.
Mon Sep 10 13:00:42 2018  [INFO]: Checking Status - ProcessScheduler
Mon Sep 10 13:00:42 2018  [ALWAYS]: peoplesoftservices script completed.
Mon Sep 10 13:00:42 2018  [ALWAYS]: peoplesoftservices script completed.
Mon Sep 10 13:00:42 2018  [INFO]: Checking Status - Webserver
Mon Sep 10 13:00:42 2018  [INFO]: Checking Status - ProcessScheduler
Mon Sep 10 13:00:42 2018  [ALWAYS]: peoplesoftservices script completed.
Mon Sep 10 13:00:42 2018  [ALWAYS]: peoplesoftservices script completed.
Mon Sep 10 13:00:42 2018  [INFO]: Checking Status - ProcessScheduler
Mon Sep 10 13:00:42 2018  [ALWAYS]: peoplesoftservices script completed.
Mon Sep 10 13:00:42 2018  [ALWAYS]: peoplesoftservices script completed.
Mon Sep 10 13:00:42 2018  [INFO]: Starting ProcessScheduler
Mon Sep 10 13:00:42 2018  [INFO]: Checking Status - Appserver
Mon Sep 10 13:00:42 2018  [INFO]: Checking Status - Webserver
Mon Sep 10 13:00:42 2018  [INFO]: Checking Status - ProcessScheduler
Mon Sep 10 13:00:42 2018  [ALWAYS]: peoplesoftservices script completed.
Mon Sep 10 13:00:42 2018  [ALWAYS]: peoplesoftservices script completed.
Mon Sep 10 13:00:42 2018  [INFO]: Checking Status - ProcessScheduler
Mon Sep 10 13:00:42 2018  [ALWAYS]: peoplesoftservices script completed.
Mon Sep 10 13:00:42 2018  [ALWAYS]: peoplesoftservices script completed.
Mon Sep 10 13:00:42 2018  [INFO]: Checking Status - Webserver
Mon Sep 10 13:00:42 2018  [INFO]: Checking Status - ProcessScheduler
Mon Sep 10 13:00:42 2018  [ALWAYS]: peoplesoftservices script completed.
Mon Sep 10 13:00:42 2018  [ALWAYS]: peoplesoftservices script completed.
Mon Sep 10 13:00:42 2018  [INFO]: Checking Status - ProcessScheduler
Mon Sep 10 13:00:42 2018  [ALWAYS]: peoplesoftservices script completed.
Mon Sep 10 13:00:42 2018  [ALWAYS]: peoplesoftservices script completed.
Mon Sep 10 13:00:42 2018  [INFO]: Checking Status - Appserver
Mon Sep 10 13:00:42 2018  [INFO]: Checking Status - Webserver
Mon Sep 10 13:00:42 2018  [INFO]: Checking Status - ProcessScheduler
Mon Sep 10 13:00:42 2018  [ALWAYS]: peoplesoftservices script completed.
Mon Sep 10 13:00:42 2018  [ALWAYS]: peoplesoftservices script completed.
Mon Sep 10 13:00:42 2018  [INFO]: Checking Status - ProcessScheduler
Mon Sep 10 13:00:42 2018  [ALWAYS]: peoplesoftservices script completed.
Mon Sep 10 13:00:42 2018  [ALWAYS]: peoplesoftservices script completed.
Mon Sep 10 13:00:42 2018  [INFO]: Checking Status - Webserver
Mon Sep 10 13:00:42 2018  [INFO]: Checking Status - ProcessScheduler
Mon Sep 10 13:00:42 2018  [ALWAYS]: peoplesoftservices script completed.
Mon Sep 10 13:00:42 2018  [ALWAYS]: peoplesoftservices script completed.
Mon Sep 10 13:00:42 2018  [INFO]: Checking Status - ProcessScheduler
Mon Sep 10 13:00:42 2018  [ALWAYS]: peoplesoftservices script completed.
Mon Sep 10 13:00:42 2018  [ALWAYS]: peoplesoftservices script completed.
Mon Sep 10 13:00:42 2018  [INFO]: Starting Appserver
Mon Sep 10 13:00:42 2018  [INFO]: Starting Webserver
Mon Sep 10 13:00:42 2018  [INFO]: Starting ProcessScheduler
Mon Sep 10 13:00:42 2018  [INFO]: Checking Status - Appserver
Mon Sep 10 13:00:42 2018  [INFO]: Checking Status - Webserver
Mon Sep 10 13:00:42 2018  [INFO]: Checking Status - ProcessScheduler
Mon Sep 10 13:00:42 2018  [ALWAYS]: peoplesoftservices script completed.
Mon Sep 10 13:00:42 2018  [ALWAYS]: peoplesoftservices script completed.
Mon Sep 10 13:00:42 2018  [INFO]: Checking Status - ProcessScheduler
Mon Sep 10 13:00:42 2018  [ALWAYS]: peoplesoftservices script completed.
Mon Sep 10 13:00:42 2018  [ALWAYS]: peoplesoftservices script completed.
Mon Sep 10 13:00:42 2018  [INFO]: Checking Status - Webserver
Mon Sep 10 13:00:42 2018  [INFO]: Checking Status - ProcessScheduler
Mon Sep 10 13:00:42 2018  [ALWAYS]: peoplesoftservices script completed.
Mon Sep 10 13:00:42 2018  [ALWAYS]: peoplesoftservices script completed.
Mon Sep 10 13:00:42 2018  [INFO]: Checking Status - ProcessScheduler
Mon Sep 10 13:00:42 2018  [ALWAYS]: peoplesoftservices script completed.
Mon Sep 10 13:00:42 2018  [ALWAYS]: peoplesoftservices script completed.
Mon Sep 10 13:00:42 2018  [INFO]: Checking Status - Appserver
Mon Sep 10 13:00:42 2018  [INFO]: Checking Status - Webserver
Mon Sep 10 13:00:42 2018  [INFO]: Checking Status - ProcessScheduler
Mon Sep 10 13:00:42 2018  [ALWAYS]: peoplesoftservices script completed.
Mon Sep 10 13:00:42 2018  [ALWAYS]: peoplesoftservices script completed.
Mon Sep 10 13:00:42 2018  [INFO]: Checking Status - ProcessScheduler
Mon Sep 10 13:00:42 2018  [ALWAYS]: peoplesoftservices script completed.
Mon Sep 10 13:00:42 2018  [ALWAYS]: peoplesoftservices script completed.
Mon Sep 10 13:00:42 2018  [INFO]: Checking Status - Webserver
Mon Sep 10 13:00:42 2018  [INFO]: Checking Status - ProcessScheduler
Mon Sep 10 13:00:42 2018  [ALWAYS]: peoplesoftservices script completed.
Mon Sep 10 13:00:42 2018  [ALWAYS]: peoplesoftservices script completed.
Mon Sep 10 13:00:42 2018  [INFO]: Checking Status - ProcessScheduler
Mon Sep 10 13:00:42 2018  [ALWAYS]: peoplesoftservices script completed.
Mon Sep 10 13:00:42 2018  [ALWAYS]: peoplesoftservices script completed.
Mon Sep 10 13:00:42 2018  [INFO]: Starting ProcessScheduler
Mon Sep 10 13:00:42 2018  [INFO]: Checking Status - Appserver
Mon Sep 10 13:00:42 2018  [INFO]: Checking Status - Webserver
Mon Sep 10 13:00:42 2018  [INFO]: Checking Status - ProcessScheduler
Mon Sep 10 13:00:42 2018  [ALWAYS]: peoplesoftservices script completed.
Mon Sep 10 13:00:42 2018  [ALWAYS]: peoplesoftservices script completed.
Mon Sep 10 13:00:42 2018  [INFO]: Checking Status - ProcessScheduler
Mon Sep 10 13:00:42 2018  [ALWAYS]: peoplesoftservices script completed.
Mon Sep 10 13:00:42 2018  [ALWAYS]: peoplesoftservices script completed.
Mon Sep 10 13:00:42 2018  [INFO]: Checking Status - Webserver
Mon Sep 10 13:00:42 2018  [INFO]: Checking Status - ProcessScheduler
Mon Sep 10 13:00:42 2018  [ALWAYS]: peoplesoftservices script completed.
Mon Sep 10 13:00:42 2018  [ALWAYS]: peoplesoftservices script completed.
Mon Sep 10 13:00:42 2018  [INFO]: Checking Status - ProcessScheduler
Mon Sep 10 13:00:42 2018  [ALWAYS]: peoplesoftservices script completed.
Mon Sep 10 13:00:42 2018  [ALWAYS]: peoplesoftservices script completed.
Mon Sep 10 13:00:42 2018  [INFO]: Checking Status - Appserver
Mon Sep 10 13:00:42 2018  [INFO]: Checking Status - Webserver
Mon Sep 10 13:00:42 2018  [INFO]: Checking Status - ProcessScheduler
Mon Sep 10 13:00:42 2018  [ALWAYS]: peoplesoftservices script completed.
Mon Sep 10 13:00:42 2018  [ALWAYS]: peoplesoftservices script completed.
Mon Sep 10 13:00:42 2018  [INFO]: Checking Status - ProcessScheduler
Mon Sep 10 13:00:42 2018  [ALWAYS]: peoplesoftservices script completed.
Mon Sep 10 13:00:42 2018  [ALWAYS]: peoplesoftservices script completed.
Mon Sep 10 13:00:42 2018  [INFO]: Checking Status - Webserver
Mon Sep 10 13:00:42 2018  [INFO]: Checking Status - ProcessScheduler
Mon Sep 10 13:00:42 2018  [ALWAYS]: peoplesoftservices script completed.
Mon Sep 10 13:00:42 2018  [ALWAYS]: peoplesoftservices script completed.
Mon Sep 10 13:00:42 2018  [INFO]: Checking Status - ProcessScheduler
Mon Sep 10 13:00:42 2018  [ALWAYS]: peoplesoftservices script completed.
Mon Sep 10 13:00:42 2018  [ALWAYS]: peoplesoftservices script completed.
Mon Sep 10 13:00:42 2018  [INFO]: Starting Webserver
Mon Sep 10 13:00:42 2018  [INFO]: Starting ProcessScheduler
Mon Sep 10 13:00:42 2018  [INFO]: Checking Status - Appserver
Mon Sep 10 13:00:42 2018  [INFO]: Checking Status - Webserver
Mon Sep 10 13:00:42 2018  [INFO]: Checking Status - ProcessScheduler
Mon Sep 10 13:00:42 2018  [ALWAYS]: peoplesoftservices script completed.
Mon Sep 10 13:00:42 2018  [ALWAYS]: peoplesoftservices script completed.
Mon Sep 10 13:00:42 2018  [INFO]: Checking Status - ProcessScheduler
Mon Sep 10 13:00:42 2018  [ALWAYS]: peoplesoftservices script completed.
Mon Sep 10 13:00:42 2018  [ALWAYS]: peoplesoftservices script completed.
Mon Sep 10 13:00:42 2018  [INFO]: Checking Status - Webserver
Mon Sep 10 13:00:42 2018  [INFO]: Checking Status - ProcessScheduler
Mon Sep 10 13:00:42 2018  [ALWAYS]: peoplesoftservices script completed.
Mon Sep 10 13:00:42 2018  [ALWAYS]: peoplesoftservices script completed.
Mon Sep 10 13:00:42 2018  [INFO]: Checking Status - ProcessScheduler
Mon Sep 10 13:00:42 2018  [ALWAYS]: peoplesoftservices script completed.
Mon Sep 10 13:00:42 2018  [ALWAYS]: peoplesoftservices script completed.
Mon Sep 10 13:00:42 2018  [INFO]: Checking Status - Appserver
Mon Sep 10 13:00:42 2018  [INFO]: Checking Status - Webserver
Mon Sep 10 13:00:42 2018  [INFO]: Checking Status - ProcessScheduler
Mon Sep 10 13:00:42 2018  [ALWAYS]: peoplesoftservices script completed.
Mon Sep 10 13:00:42 2018  [ALWAYS]: peoplesoftservices script completed.
Mon Sep 10 13:00:42 2018  [INFO]: Checking Status - ProcessScheduler
Mon Sep 10 13:00:42 2018  [ALWAYS]: peoplesoftservices script completed.
Mon Sep 10 13:00:42 2018  [ALWAYS]: peoplesoftservices script completed.
Mon Sep 10 13:00:42 2018  [INFO]: Checking Status - Webserver
Mon Sep 10 13:00:42 2018  [INFO]: Checking Status - ProcessScheduler
Mon Sep 10 13:00:42 2018  [ALWAYS]: peoplesoftservices script completed.
Mon Sep 10 13:00:42 2018  [ALWAYS]: peoplesoftservices script completed.
Mon Sep 10 13:00:42 2018  [INFO]: Checking Status - ProcessScheduler
Mon Sep 10 13:00:42 2018  [ALWAYS]: peoplesoftservices script completed.
Mon Sep 10 13:00:42 2018  [ALWAYS]: peoplesoftservices script completed.
Mon Sep 10 13:00:42 2018  [INFO]: Starting ProcessScheduler
Mon Sep 10 13:00:42 2018  [INFO]: Checking Status - Appserver
Mon Sep 10 13:00:42 2018  [INFO]: Checking Status - Webserver
Mon Sep 10 13:00:42 2018  [INFO]: Checking Status - ProcessScheduler
Mon Sep 10 13:00:42 2018  [ALWAYS]: peoplesoftservices script completed.
Mon Sep 10 13:00:42 2018  [ALWAYS]: peoplesoftservices script completed.
Mon Sep 10 13:00:42 2018  [INFO]: Checking Status - ProcessScheduler
Mon Sep 10 13:00:42 2018  [ALWAYS]: peoplesoftservices script completed.
Mon Sep 10 13:00:42 2018  [ALWAYS]: peoplesoftservices script completed.
Mon Sep 10 13:00:42 2018  [INFO]: Checking Status - Webserver
Mon Sep 10 13:00:42 2018  [INFO]: Checking Status - ProcessScheduler
Mon Sep 10 13:00:42 2018  [ALWAYS]: peoplesoftservices script completed.
Mon Sep 10 13:00:42 2018  [ALWAYS]: peoplesoftservices script completed.
Mon Sep 10 13:00:42 2018  [INFO]: Checking Status - ProcessScheduler
Mon Sep 10 13:00:42 2018  [ALWAYS]: peoplesoftservices script completed.
Mon Sep 10 13:00:42 2018  [ALWAYS]: peoplesoftservices script completed.
Mon Sep 10 13:00:42 2018  [INFO]: Checking Status - Appserver
Mon Sep 10 13:00:42 2018  [INFO]: Checking Status - Webserver
Mon Sep 10 13:00:42 2018  [INFO]: Checking Status - ProcessScheduler
Mon Sep 10 13:00:42 2018  [ALWAYS]: peoplesoftservices script completed.
Mon Sep 10 13:00:42 2018  [ALWAYS]: peoplesoftservices script completed.
Mon Sep 10 13:00:42 2018  [INFO]: Checking Status - ProcessScheduler
Mon Sep 10 13:00:42 2018  [ALWAYS]: peoplesoftservices script completed.
Mon Sep 10 13:00:42 2018  [ALWAYS]: peoplesoftservices script completed.
Mon Sep 10 13:00:42 2018  [INFO]: Checking Status - Webserver
Mon Sep 10 13:00:42 2018  [INFO]: Checking Status - ProcessScheduler
Mon Sep 10 13:00:42 2018  [ALWAYS]: peoplesoftservices script completed.
Mon Sep 10 13:00:42 2018  [ALWAYS]: peoplesoftservices script completed.
Mon Sep 10 13:00:42 2018  [INFO]: Checking Status - ProcessScheduler
Mon Sep 10 13:00:42 2018  [ALWAYS]: peoplesoftservices script completed.
Mon Sep 10 13:00:42 2018  [ALWAYS]: peoplesoftservices script completed.
Mon Sep 10 13:00:42 2018  [INFO]: Stopping Process Scheduler
Mon Sep 10 13:00:42 2018  [INFO]: Starting Appserver
Mon Sep 10 13:00:42 2018  [INFO]: Starting Webserver
Mon Sep 10 13:00:42 2018  [INFO]: Starting ProcessScheduler
Mon Sep 10 13:00:42 2018  [INFO]: Checking Status - Appserver
Mon Sep 10 13:00:42 2018  [INFO]: Checking Status - Webserver
Mon Sep 10 13:00:42 2018  [INFO]: Checking Status - ProcessScheduler
Mon Sep 10 13:00:42 2018  [ALWAYS]: peoplesoftservices script completed.
Mon Sep 10 13:00:42 2018  [ALWAYS]: peoplesoftservices script completed.
Mon Sep 10 13:00:42 2018  [INFO]: Checking Status - ProcessScheduler
Mon Sep 10 13:00:42 2018  [ALWAYS]: peoplesoftservices script completed.
Mon Sep 10 13:00:42 2018  [ALWAYS]: peoplesoftservices script completed.
Mon Sep 10 13:00:42 2018  [INFO]: Checking Status - Webserver
Mon Sep 10 13:00:42 2018  [INFO]: Checking Status - ProcessScheduler
Mon Sep 10 13:00:42 2018  [ALWAYS]: peoplesoftservices script completed.
Mon Sep 10 13:00:42 2018  [ALWAYS]: peoplesoftservices script completed.
Mon Sep 10 13:00:42 2018  [INFO]: Checking Status - ProcessScheduler
Mon Sep 10 13:00:42 2018  [ALWAYS]: peoplesoftservices script completed.
Mon Sep 10 13:00:42 2018  [ALWAYS]: peoplesoftservices script completed.
Mon Sep 10 13:00:42 2018  [INFO]: Checking Status - Appserver
Mon Sep 10 13:00:42 2018  [INFO]: Checking Status - Webserver
Mon Sep 10 13:00:42 2018  [INFO]: Checking Status - ProcessScheduler
Mon Sep 10 13:00:42 2018  [ALWAYS]: peoplesoftservices script completed.
Mon Sep 10 13:00:42 2018  [ALWAYS]: peoplesoftservices script completed.
Mon Sep 10 13:00:42 2018  [INFO]: Checking Status - ProcessScheduler
Mon Sep 10 13:00:42 2018  [ALWAYS]: peoplesoftservices script completed.
Mon Sep 10 13:00:42 2018  [ALWAYS]: peoplesoftservices script completed.
Mon Sep 10 13:00:42 2018  [INFO]: Checking Status - Webserver
Mon Sep 10 13:00:42 2018  [INFO]: Checking Status - ProcessScheduler
Mon Sep 10 13:00:42 2018  [ALWAYS]: peoplesoftservices script completed.
Mon Sep 10 13:00:42 2018  [ALWAYS]: peoplesoftservices script completed.
Mon Sep 10 13:00:42 2018  [INFO]: Checking Status - ProcessScheduler
Mon Sep 10 13:00:42 2018  [ALWAYS]: peoplesoftservices script completed.
Mon Sep 10 13:00:42 2018  [ALWAYS]: peoplesoftservices script completed.
Mon Sep 10 13:00:42 2018  [INFO]: Starting ProcessScheduler
Mon Sep 10 13:00:42 2018  [INFO]: Checking Status - Appserver
Mon Sep 10 13:00:42 2018  [INFO]: Checking Status - Webserver
Mon Sep 10 13:00:42 2018  [INFO]: Checking Status - ProcessScheduler
Mon Sep 10 13:00:42 2018  [ALWAYS]: peoplesoftservices script completed.
Mon Sep 10 13:00:42 2018  [ALWAYS]: peoplesoftservices script completed.
Mon Sep 10 13:00:42 2018  [INFO]: Checking Status - ProcessScheduler
Mon Sep 10 13:00:42 2018  [ALWAYS]: peoplesoftservices script completed.
Mon Sep 10 13:00:42 2018  [ALWAYS]: peoplesoftservices script completed.
Mon Sep 10 13:00:42 2018  [INFO]: Checking Status - Webserver
Mon Sep 10 13:00:42 2018  [INFO]: Checking Status - ProcessScheduler
Mon Sep 10 13:00:42 2018  [ALWAYS]: peoplesoftservices script completed.
Mon Sep 10 13:00:42 2018  [ALWAYS]: peoplesoftservices script completed.
Mon Sep 10 13:00:42 2018  [INFO]: Checking Status - ProcessScheduler
Mon Sep 10 13:00:42 2018  [ALWAYS]: peoplesoftservices script completed.
Mon Sep 10 13:00:42 2018  [ALWAYS]: peoplesoftservices script completed.
Mon Sep 10 13:00:42 2018  [INFO]: Checking Status - Appserver
Mon Sep 10 13:00:42 2018  [INFO]: Checking Status - Webserver
Mon Sep 10 13:00:42 2018  [INFO]: Checking Status - ProcessScheduler
Mon Sep 10 13:00:42 2018  [ALWAYS]: peoplesoftservices script completed.
Mon Sep 10 13:00:42 2018  [ALWAYS]: peoplesoftservices script completed.
Mon Sep 10 13:00:42 2018  [INFO]: Checking Status - ProcessScheduler
Mon Sep 10 13:00:42 2018  [ALWAYS]: peoplesoftservices script completed.
Mon Sep 10 13:00:42 2018  [ALWAYS]: peoplesoftservices script completed.
Mon Sep 10 13:00:42 2018  [INFO]: Checking Status - Webserver
Mon Sep 10 13:00:42 2018  [INFO]: Checking Status - ProcessScheduler
Mon Sep 10 13:00:42 2018  [ALWAYS]: peoplesoftservices script completed.
Mon Sep 10 13:00:42 2018  [ALWAYS]: peoplesoftservices script completed.
Mon Sep 10 13:00:42 2018  [INFO]: Checking Status - ProcessScheduler
Mon Sep 10 13:00:42 2018  [ALWAYS]: peoplesoftservices script completed.
Mon Sep 10 13:00:42 2018  [ALWAYS]: peoplesoftservices script completed.
Mon Sep 10 13:00:42 2018  [INFO]: Starting Webserver
Mon Sep 10 13:00:42 2018  [INFO]: Starting ProcessScheduler
Mon Sep 10 13:00:42 2018  [INFO]: Checking Status - Appserver
Mon Sep 10 13:00:42 2018  [INFO]: Checking Status - Webserver
Mon Sep 10 13:00:42 2018  [INFO]: Checking Status - ProcessScheduler
Mon Sep 10 13:00:42 2018  [ALWAYS]: peoplesoftservices script completed.
Mon Sep 10 13:00:42 2018  [ALWAYS]: peoplesoftservices script completed.
Mon Sep 10 13:00:42 2018  [INFO]: Checking Status - ProcessScheduler
Mon Sep 10 13:00:42 2018  [ALWAYS]: peoplesoftservices script completed.
Mon Sep 10 13:00:42 2018  [ALWAYS]: peoplesoftservices script completed.
Mon Sep 10 13:00:42 2018  [INFO]: Checking Status - Webserver
Mon Sep 10 13:00:42 2018  [INFO]: Checking Status - ProcessScheduler
Mon Sep 10 13:00:42 2018  [ALWAYS]: peoplesoftservices script completed.
Mon Sep 10 13:00:42 2018  [ALWAYS]: peoplesoftservices script completed.
Mon Sep 10 13:00:42 2018  [INFO]: Checking Status - ProcessScheduler
Mon Sep 10 13:00:42 2018  [ALWAYS]: peoplesoftservices script completed.
Mon Sep 10 13:00:42 2018  [ALWAYS]: peoplesoftservices script completed.
Mon Sep 10 13:00:42 2018  [INFO]: Checking Status - Appserver
Mon Sep 10 13:00:42 2018  [INFO]: Checking Status - Webserver
Mon Sep 10 13:00:42 2018  [INFO]: Checking Status - ProcessScheduler
Mon Sep 10 13:00:42 2018  [ALWAYS]: peoplesoftservices script completed.
Mon Sep 10 13:00:42 2018  [ALWAYS]: peoplesoftservices script completed.
Mon Sep 10 13:00:42 2018  [INFO]: Checking Status - ProcessScheduler
Mon Sep 10 13:00:42 2018  [ALWAYS]: peoplesoftservices script completed.
Mon Sep 10 13:00:42 2018  [ALWAYS]: peoplesoftservices script completed.
Mon Sep 10 13:00:42 2018  [INFO]: Checking Status - Webserver
Mon Sep 10 13:00:42 2018  [INFO]: Checking Status - ProcessScheduler
Mon Sep 10 13:00:42 2018  [ALWAYS]: peoplesoftservices script completed.
Mon Sep 10 13:00:42 2018  [ALWAYS]: peoplesoftservices script completed.
Mon Sep 10 13:00:42 2018  [INFO]: Checking Status - ProcessScheduler
Mon Sep 10 13:00:42 2018  [ALWAYS]: peoplesoftservices script completed.
Mon Sep 10 13:00:42 2018  [ALWAYS]: peoplesoftservices script completed.
Mon Sep 10 13:00:42 2018  [INFO]: Starting ProcessScheduler
Mon Sep 10 13:00:42 2018  [INFO]: Checking Status - Appserver
Mon Sep 10 13:00:42 2018  [INFO]: Checking Status - Webserver
Mon Sep 10 13:00:42 2018  [INFO]: Checking Status - ProcessScheduler
Mon Sep 10 13:00:42 2018  [ALWAYS]: peoplesoftservices script completed.
Mon Sep 10 13:00:42 2018  [ALWAYS]: peoplesoftservices script completed.
Mon Sep 10 13:00:42 2018  [INFO]: Checking Status - ProcessScheduler
Mon Sep 10 13:00:42 2018  [ALWAYS]: peoplesoftservices script completed.
Mon Sep 10 13:00:42 2018  [ALWAYS]: peoplesoftservices script completed.
Mon Sep 10 13:00:42 2018  [INFO]: Checking Status - Webserver
Mon Sep 10 13:00:42 2018  [INFO]: Checking Status - ProcessScheduler
Mon Sep 10 13:00:42 2018  [ALWAYS]: peoplesoftservices script completed.
Mon Sep 10 13:00:42 2018  [ALWAYS]: peoplesoftservices script completed.
Mon Sep 10 13:00:42 2018  [INFO]: Checking Status - ProcessScheduler
Mon Sep 10 13:00:42 2018  [ALWAYS]: peoplesoftservices script completed.
Mon Sep 10 13:00:42 2018  [ALWAYS]: peoplesoftservices script completed.
Mon Sep 10 13:00:42 2018  [INFO]: Checking Status - Appserver
Mon Sep 10 13:00:42 2018  [INFO]: Checking Status - Webserver
Mon Sep 10 13:00:42 2018  [INFO]: Checking Status - ProcessScheduler
Mon Sep 10 13:00:42 2018  [ALWAYS]: peoplesoftservices script completed.
Mon Sep 10 13:00:42 2018  [ALWAYS]: peoplesoftservices script completed.
Mon Sep 10 13:00:42 2018  [INFO]: Checking Status - ProcessScheduler
Mon Sep 10 13:00:42 2018  [ALWAYS]: peoplesoftservices script completed.
Mon Sep 10 13:00:42 2018  [ALWAYS]: peoplesoftservices script completed.
Mon Sep 10 13:00:42 2018  [INFO]: Checking Status - Webserver
Mon Sep 10 13:00:42 2018  [INFO]: Checking Status - ProcessScheduler
Mon Sep 10 13:00:42 2018  [ALWAYS]: peoplesoftservices script completed.
Mon Sep 10 13:00:42 2018  [ALWAYS]: peoplesoftservices script completed.
Mon Sep 10 13:00:42 2018  [INFO]: Checking Status - ProcessScheduler
Mon Sep 10 13:00:42 2018  [ALWAYS]: peoplesoftservices script completed.
Mon Sep 10 13:00:42 2018  [ALWAYS]: peoplesoftservices script completed.
Mon Sep 10 13:00:42 2018  [INFO]: Starting Appserver
Mon Sep 10 13:00:42 2018  [INFO]: Starting Webserver
Mon Sep 10 13:00:42 2018  [INFO]: Starting ProcessScheduler
Mon Sep 10 13:00:42 2018  [INFO]: Checking Status - Appserver
Mon Sep 10 13:00:42 2018  [INFO]: Checking Status - Webserver
Mon Sep 10 13:00:42 2018  [INFO]: Checking Status - ProcessScheduler
Mon Sep 10 13:00:42 2018  [ALWAYS]: peoplesoftservices script completed.
Mon Sep 10 13:00:42 2018  [ALWAYS]: peoplesoftservices script completed.
Mon Sep 10 13:00:42 2018  [INFO]: Checking Status - ProcessScheduler
Mon Sep 10 13:00:42 2018  [ALWAYS]: peoplesoftservices script completed.
Mon Sep 10 13:00:42 2018  [ALWAYS]: peoplesoftservices script completed.
Mon Sep 10 13:00:42 2018  [INFO]: Checking Status - Webserver
Mon Sep 10 13:00:42 2018  [INFO]: Checking Status - ProcessScheduler
Mon Sep 10 13:00:42 2018  [ALWAYS]: peoplesoftservices script completed.
Mon Sep 10 13:00:42 2018  [ALWAYS]: peoplesoftservices script completed.
Mon Sep 10 13:00:42 2018  [INFO]: Checking Status - ProcessScheduler
Mon Sep 10 13:00:42 2018  [ALWAYS]: peoplesoftservices script completed.
Mon Sep 10 13:00:42 2018  [ALWAYS]: peoplesoftservices script completed.
Mon Sep 10 13:00:42 2018  [INFO]: Checking Status - Appserver
Mon Sep 10 13:00:42 2018  [INFO]: Checking Status - Webserver
Mon Sep 10 13:00:42 2018  [INFO]: Checking Status - ProcessScheduler
Mon Sep 10 13:00:42 2018  [ALWAYS]: peoplesoftservices script completed.
Mon Sep 10 13:00:42 2018  [ALWAYS]: peoplesoftservices script completed.
Mon Sep 10 13:00:42 2018  [INFO]: Checking Status - ProcessScheduler
Mon Sep 10 13:00:42 2018  [ALWAYS]: peoplesoftservices script completed.
Mon Sep 10 13:00:42 2018  [ALWAYS]: peoplesoftservices script completed.
Mon Sep 10 13:00:42 2018  [INFO]: Checking Status - Webserver
Mon Sep 10 13:00:42 2018  [INFO]: Checking Status - ProcessScheduler
Mon Sep 10 13:00:42 2018  [ALWAYS]: peoplesoftservices script completed.
Mon Sep 10 13:00:42 2018  [ALWAYS]: peoplesoftservices script completed.
Mon Sep 10 13:00:42 2018  [INFO]: Checking Status - ProcessScheduler
Mon Sep 10 13:00:42 2018  [ALWAYS]: peoplesoftservices script completed.
Mon Sep 10 13:00:42 2018  [ALWAYS]: peoplesoftservices script completed.
Mon Sep 10 13:00:42 2018  [INFO]: Starting ProcessScheduler
Mon Sep 10 13:00:42 2018  [INFO]: Checking Status - Appserver
Mon Sep 10 13:00:42 2018  [INFO]: Checking Status - Webserver
Mon Sep 10 13:00:42 2018  [INFO]: Checking Status - ProcessScheduler
Mon Sep 10 13:00:42 2018  [ALWAYS]: peoplesoftservices script completed.
Mon Sep 10 13:00:42 2018  [ALWAYS]: peoplesoftservices script completed.
Mon Sep 10 13:00:42 2018  [INFO]: Checking Status - ProcessScheduler
Mon Sep 10 13:00:42 2018  [ALWAYS]: peoplesoftservices script completed.
Mon Sep 10 13:00:42 2018  [ALWAYS]: peoplesoftservices script completed.
Mon Sep 10 13:00:42 2018  [INFO]: Checking Status - Webserver
Mon Sep 10 13:00:42 2018  [INFO]: Checking Status - ProcessScheduler
Mon Sep 10 13:00:42 2018  [ALWAYS]: peoplesoftservices script completed.
Mon Sep 10 13:00:42 2018  [ALWAYS]: peoplesoftservices script completed.
Mon Sep 10 13:00:42 2018  [INFO]: Checking Status - ProcessScheduler
Mon Sep 10 13:00:42 2018  [ALWAYS]: peoplesoftservices script completed.
Mon Sep 10 13:00:42 2018  [ALWAYS]: peoplesoftservices script completed.
Mon Sep 10 13:00:42 2018  [INFO]: Checking Status - Appserver
Mon Sep 10 13:00:42 2018  [INFO]: Checking Status - Webserver
Mon Sep 10 13:00:42 2018  [INFO]: Checking Status - ProcessScheduler
Mon Sep 10 13:00:42 2018  [ALWAYS]: peoplesoftservices script completed.
Mon Sep 10 13:00:42 2018  [ALWAYS]: peoplesoftservices script completed.
Mon Sep 10 13:00:42 2018  [INFO]: Checking Status - ProcessScheduler
Mon Sep 10 13:00:42 2018  [ALWAYS]: peoplesoftservices script completed.
Mon Sep 10 13:00:42 2018  [ALWAYS]: peoplesoftservices script completed.
Mon Sep 10 13:00:42 2018  [INFO]: Checking Status - Webserver
Mon Sep 10 13:00:42 2018  [INFO]: Checking Status - ProcessScheduler
Mon Sep 10 13:00:42 2018  [ALWAYS]: peoplesoftservices script completed.
Mon Sep 10 13:00:42 2018  [ALWAYS]: peoplesoftservices script completed.
Mon Sep 10 13:00:42 2018  [INFO]: Checking Status - ProcessScheduler
Mon Sep 10 13:00:42 2018  [ALWAYS]: peoplesoftservices script completed.
Mon Sep 10 13:00:42 2018  [ALWAYS]: peoplesoftservices script completed.
Mon Sep 10 13:00:42 2018  [INFO]: Starting Webserver
Mon Sep 10 13:00:42 2018  [INFO]: Starting ProcessScheduler
Mon Sep 10 13:00:42 2018  [INFO]: Checking Status - Appserver
Mon Sep 10 13:00:42 2018  [INFO]: Checking Status - Webserver
Mon Sep 10 13:00:42 2018  [INFO]: Checking Status - ProcessScheduler
Mon Sep 10 13:00:42 2018  [ALWAYS]: peoplesoftservices script completed.
Mon Sep 10 13:00:42 2018  [ALWAYS]: peoplesoftservices script completed.
Mon Sep 10 13:00:42 2018  [INFO]: Checking Status - ProcessScheduler
Mon Sep 10 13:00:42 2018  [ALWAYS]: peoplesoftservices script completed.
Mon Sep 10 13:00:42 2018  [ALWAYS]: peoplesoftservices script completed.
Mon Sep 10 13:00:42 2018  [INFO]: Checking Status - Webserver
Mon Sep 10 13:00:42 2018  [INFO]: Checking Status - ProcessScheduler
Mon Sep 10 13:00:42 2018  [ALWAYS]: peoplesoftservices script completed.
Mon Sep 10 13:00:42 2018  [ALWAYS]: peoplesoftservices script completed.
Mon Sep 10 13:00:42 2018  [INFO]: Checking Status - ProcessScheduler
Mon Sep 10 13:00:42 2018  [ALWAYS]: peoplesoftservices script completed.
Mon Sep 10 13:00:42 2018  [ALWAYS]: peoplesoftservices script completed.
Mon Sep 10 13:00:42 2018  [INFO]: Checking Status - Appserver
Mon Sep 10 13:00:42 2018  [INFO]: Checking Status - Webserver
Mon Sep 10 13:00:42 2018  [INFO]: Checking Status - ProcessScheduler
Mon Sep 10 13:00:42 2018  [ALWAYS]: peoplesoftservices script completed.
Mon Sep 10 13:00:42 2018  [ALWAYS]: peoplesoftservices script completed.
Mon Sep 10 13:00:42 2018  [INFO]: Checking Status - ProcessScheduler
Mon Sep 10 13:00:42 2018  [ALWAYS]: peoplesoftservices script completed.
Mon Sep 10 13:00:42 2018  [ALWAYS]: peoplesoftservices script completed.
Mon Sep 10 13:00:42 2018  [INFO]: Checking Status - Webserver
Mon Sep 10 13:00:42 2018  [INFO]: Checking Status - ProcessScheduler
Mon Sep 10 13:00:42 2018  [ALWAYS]: peoplesoftservices script completed.
Mon Sep 10 13:00:42 2018  [ALWAYS]: peoplesoftservices script completed.
Mon Sep 10 13:00:42 2018  [INFO]: Checking Status - ProcessScheduler
Mon Sep 10 13:00:42 2018  [ALWAYS]: peoplesoftservices script completed.
Mon Sep 10 13:00:42 2018  [ALWAYS]: peoplesoftservices script completed.
Mon Sep 10 13:00:42 2018  [INFO]: Starting ProcessScheduler
Mon Sep 10 13:00:42 2018  [INFO]: Checking Status - Appserver
Mon Sep 10 13:00:42 2018  [INFO]: Checking Status - Webserver
Mon Sep 10 13:00:42 2018  [INFO]: Checking Status - ProcessScheduler
Mon Sep 10 13:00:42 2018  [ALWAYS]: peoplesoftservices script completed.
Mon Sep 10 13:00:42 2018  [ALWAYS]: peoplesoftservices script completed.
Mon Sep 10 13:00:42 2018  [INFO]: Checking Status - ProcessScheduler
Mon Sep 10 13:00:42 2018  [ALWAYS]: peoplesoftservices script completed.
Mon Sep 10 13:00:42 2018  [ALWAYS]: peoplesoftservices script completed.
Mon Sep 10 13:00:42 2018  [INFO]: Checking Status - Webserver
Mon Sep 10 13:00:42 2018  [INFO]: Checking Status - ProcessScheduler
Mon Sep 10 13:00:42 2018  [ALWAYS]: peoplesoftservices script completed.
Mon Sep 10 13:00:42 2018  [ALWAYS]: peoplesoftservices script completed.
Mon Sep 10 13:00:42 2018  [INFO]: Checking Status - ProcessScheduler
Mon Sep 10 13:00:42 2018  [ALWAYS]: peoplesoftservices script completed.
Mon Sep 10 13:00:42 2018  [ALWAYS]: peoplesoftservices script completed.
Mon Sep 10 13:00:42 2018  [INFO]: Checking Status - Appserver
Mon Sep 10 13:00:42 2018  [INFO]: Checking Status - Webserver
Mon Sep 10 13:00:42 2018  [INFO]: Checking Status - ProcessScheduler
Mon Sep 10 13:00:42 2018  [ALWAYS]: peoplesoftservices script completed.
Mon Sep 10 13:00:42 2018  [ALWAYS]: peoplesoftservices script completed.
Mon Sep 10 13:00:42 2018  [INFO]: Checking Status - ProcessScheduler
Mon Sep 10 13:00:42 2018  [ALWAYS]: peoplesoftservices script completed.
Mon Sep 10 13:00:42 2018  [ALWAYS]: peoplesoftservices script completed.
Mon Sep 10 13:00:42 2018  [INFO]: Checking Status - Webserver
Mon Sep 10 13:00:42 2018  [INFO]: Checking Status - ProcessScheduler
Mon Sep 10 13:00:42 2018  [ALWAYS]: peoplesoftservices script completed.
Mon Sep 10 13:00:42 2018  [ALWAYS]: peoplesoftservices script completed.
Mon Sep 10 13:00:42 2018  [INFO]: Checking Status - ProcessScheduler
Mon Sep 10 13:00:42 2018  [ALWAYS]: peoplesoftservices script completed.
Mon Sep 10 13:00:42 2018  [ALWAYS]: peoplesoftservices script completed.
Mon Sep 10 13:08:07 2018  [ALWAYS]: peoplesoftservices script started.
Mon Sep 10 13:08:07 2018  [INFO]: Stopping Appserver
Mon Sep 10 13:08:24 2018  [INFO]: Stopping Webserver
Mon Sep 10 13:08:42 2018  [INFO]: Stopping Process Scheduler
Mon Sep 10 13:08:54 2018  [INFO]: Starting Appserver
Mon Sep 10 13:09:18 2018  [INFO]: Starting Webserver
Mon Sep 10 13:09:51 2018  [INFO]: Starting ProcessScheduler
Mon Sep 10 13:10:30 2018  [INFO]: Checking Status - Appserver
Mon Sep 10 13:10:30 2018  [INFO]: Checking Status - Webserver
Mon Sep 10 13:10:30 2018  [INFO]: Checking Status - ProcessScheduler
Mon Sep 10 13:10:30 2018  [ALWAYS]: peoplesoftservices script completed.
